<?xml version="1.0" encoding="UTF-8"?>
<testsuite name="com.payment.controllers.PaymentControllerTest" tests="1" skipped="0" failures="0" errors="0" timestamp="2025-05-31T09:43:45.798Z" hostname="Rajats-MacBook-Pro.local" time="0.087">
  <properties/>
  <testcase name="initiatePayment should pass idempotency key to service layer()" classname="com.payment.controllers.PaymentControllerTest" time="0.087"/>
  <system-out><![CDATA[]]></system-out>
  <system-err><![CDATA[]]></system-err>
</testsuite>
