<?xml version="1.0" encoding="UTF-8"?>
<testsuite name="com.payment.controllers.PaymentControllerIntegrationTest" tests="1" skipped="0" failures="0" errors="0" timestamp="2025-05-31T09:43:45.699Z" hostname="Rajats-MacBook-Pro.local" time="0.098">
  <properties/>
  <testcase name="getPaymentModes should return payment modes()" classname="com.payment.controllers.PaymentControllerIntegrationTest" time="0.098"/>
  <system-out><![CDATA[15:13:44.046 [Test worker] INFO org.springframework.test.context.support.AnnotationConfigContextLoaderUtils -- Could not detect default configuration classes for test class [com.payment.controllers.PaymentControllerIntegrationTest]: PaymentControllerIntegrationTest does not declare any static, non-private, non-final, nested classes annotated with @Configuration.
15:13:44.132 [Test worker] INFO org.springframework.boot.test.context.SpringBootTestContextBootstrapper -- Found @SpringBootConfiguration com.payment.PaymentApplication for test class com.payment.controllers.PaymentControllerIntegrationTest

  .   ____          _            __ _ _
 /\\ / ___'_ __ _ _(_)_ __  __ _ \ \ \ \
( ( )\___ | '_ | '_| | '_ \/ _` | \ \ \ \
 \\/  ___)| |_)| | | | | || (_| |  ) ) ) )
  '  |____| .__|_| |_|_| |_\__, | / / / /
 =========|_|==============|___/=/_/_/_/

 :: Spring Boot ::                (v3.5.0)

2025-05-31T15:13:44.358+05:30  INFO 29841 --- [    Test worker] c.p.c.PaymentControllerIntegrationTest   : Starting PaymentControllerIntegrationTest using Java 21.0.7 with PID 29841 (started by rajatgarg in /Users/rajatgarg/Documents/payment)
2025-05-31T15:13:44.358+05:30  INFO 29841 --- [    Test worker] c.p.c.PaymentControllerIntegrationTest   : The following 1 profile is active: "test"
2025-05-31T15:13:44.631+05:30  INFO 29841 --- [    Test worker] o.s.b.f.s.DefaultListableBeanFactory     : Overriding bean definition for bean 'redisConnectionFactory' with a different definition: replacing [Root bean: class=null; scope=; abstract=false; lazyInit=null; autowireMode=3; dependencyCheck=0; autowireCandidate=true; primary=false; fallback=false; factoryBeanName=com.payment.config.TestRedisConfiguration; factoryMethodName=redisConnectionFactory; initMethodNames=null; destroyMethodNames=[(inferred)]; defined in class path resource [com/payment/config/TestRedisConfiguration.class]] with [Root bean: class=null; scope=; abstract=false; lazyInit=null; autowireMode=3; dependencyCheck=0; autowireCandidate=true; primary=false; fallback=false; factoryBeanName=redisConfig; factoryMethodName=redisConnectionFactory; initMethodNames=null; destroyMethodNames=[(inferred)]; defined in class path resource [com/payment/config/RedisConfig.class]]
2025-05-31T15:13:44.631+05:30  INFO 29841 --- [    Test worker] o.s.b.f.s.DefaultListableBeanFactory     : Overriding bean definition for bean 'redisTemplate' with a different definition: replacing [Root bean: class=null; scope=; abstract=false; lazyInit=null; autowireMode=3; dependencyCheck=0; autowireCandidate=true; primary=false; fallback=false; factoryBeanName=com.payment.config.TestRedisConfiguration; factoryMethodName=redisTemplate; initMethodNames=null; destroyMethodNames=[(inferred)]; defined in class path resource [com/payment/config/TestRedisConfiguration.class]] with [Root bean: class=null; scope=; abstract=false; lazyInit=null; autowireMode=3; dependencyCheck=0; autowireCandidate=true; primary=false; fallback=false; factoryBeanName=redisConfig; factoryMethodName=redisTemplate; initMethodNames=null; destroyMethodNames=[(inferred)]; defined in class path resource [com/payment/config/RedisConfig.class]]
2025-05-31T15:13:44.772+05:30  INFO 29841 --- [    Test worker] .s.d.r.c.RepositoryConfigurationDelegate : Multiple Spring Data modules found, entering strict repository configuration mode
2025-05-31T15:13:44.773+05:30  INFO 29841 --- [    Test worker] .s.d.r.c.RepositoryConfigurationDelegate : Bootstrapping Spring Data Redis repositories in DEFAULT mode.
2025-05-31T15:13:44.802+05:30  INFO 29841 --- [    Test worker] .s.d.r.c.RepositoryConfigurationDelegate : Finished Spring Data repository scanning in 16 ms. Found 0 Redis repository interfaces.
2025-05-31T15:13:45.658+05:30  INFO 29841 --- [    Test worker] o.s.b.t.m.w.SpringBootMockServletContext : Initializing Spring TestDispatcherServlet ''
2025-05-31T15:13:45.658+05:30  INFO 29841 --- [    Test worker] o.s.t.web.servlet.TestDispatcherServlet  : Initializing Servlet ''
2025-05-31T15:13:45.659+05:30  INFO 29841 --- [    Test worker] o.s.t.web.servlet.TestDispatcherServlet  : Completed initialization in 1 ms
2025-05-31T15:13:45.695+05:30  INFO 29841 --- [    Test worker] c.p.c.PaymentControllerIntegrationTest   : Started PaymentControllerIntegrationTest in 1.501 seconds (process running for 2.737)
]]></system-out>
  <system-err><![CDATA[]]></system-err>
</testsuite>
