<?xml version="1.0" encoding="UTF-8"?>
<testsuite name="com.payment.services.PaymentModesServiceTest" tests="1" skipped="0" failures="0" errors="0" timestamp="2025-05-31T09:43:45.887Z" hostname="Rajats-MacBook-Pro.local" time="0.006">
  <properties/>
  <testcase name="getPaymentModes should return all active payment modes with their types()" classname="com.payment.services.PaymentModesServiceTest" time="0.006"/>
  <system-out><![CDATA[]]></system-out>
  <system-err><![CDATA[]]></system-err>
</testsuite>
